0 info it worked if it ends with ok
1 verbose cli [ '/usr/local/bin/node', '/usr/local/bin/npm', 'run', 'ex' ]
2 info using npm@3.7.5
3 info using node@v5.0.0
4 verbose run-script [ 'preex', 'ex', 'postex' ]
5 info lifecycle p2p-edit@1.0.0~preex: p2p-edit@1.0.0
6 silly lifecycle p2p-edit@1.0.0~preex: no script for preex, continuing
7 info lifecycle p2p-edit@1.0.0~ex: p2p-edit@1.0.0
8 verbose lifecycle p2p-edit@1.0.0~ex: unsafe-perm in lifecycle true
9 verbose lifecycle p2p-edit@1.0.0~ex: PATH: /usr/local/lib/node_modules/npm/bin/node-gyp-bin:/Users/eric/Projects/p2p-playground/p2p-edit/node_modules/.bin:/usr/local/bin:/Users/eric/.rbenv/shims:/Users/eric/.rbenv/bin:/usr/local/bin:/usr/bin:/bin:/usr/sbin:/sbin:/opt/X11/bin:/Library/TeX/texbin:/Users/eric/.composer/vendor/bin:/Users/eric/.cabal/bin/
10 verbose lifecycle p2p-edit@1.0.0~ex: CWD: /Users/eric/Projects/p2p-playground/p2p-edit
11 silly lifecycle p2p-edit@1.0.0~ex: Args: [ '-c', 'node ex/app.js' ]
12 silly lifecycle p2p-edit@1.0.0~ex: Returned: code: 1  signal: null
13 info lifecycle p2p-edit@1.0.0~ex: Failed to exec ex script
14 verbose stack Error: p2p-edit@1.0.0 ex: `node ex/app.js`
14 verbose stack Exit status 1
14 verbose stack     at EventEmitter.<anonymous> (/usr/local/lib/node_modules/npm/lib/utils/lifecycle.js:239:16)
14 verbose stack     at emitTwo (events.js:87:13)
14 verbose stack     at EventEmitter.emit (events.js:172:7)
14 verbose stack     at ChildProcess.<anonymous> (/usr/local/lib/node_modules/npm/lib/utils/spawn.js:24:14)
14 verbose stack     at emitTwo (events.js:87:13)
14 verbose stack     at ChildProcess.emit (events.js:172:7)
14 verbose stack     at maybeClose (internal/child_process.js:818:16)
14 verbose stack     at Process.ChildProcess._handle.onexit (internal/child_process.js:211:5)
15 verbose pkgid p2p-edit@1.0.0
16 verbose cwd /Users/eric/Projects/p2p-playground/p2p-edit
17 error Darwin 15.5.0
18 error argv "/usr/local/bin/node" "/usr/local/bin/npm" "run" "ex"
19 error node v5.0.0
20 error npm  v3.7.5
21 error code ELIFECYCLE
22 error p2p-edit@1.0.0 ex: `node ex/app.js`
22 error Exit status 1
23 error Failed at the p2p-edit@1.0.0 ex script 'node ex/app.js'.
23 error Make sure you have the latest version of node.js and npm installed.
23 error If you do, this is most likely a problem with the p2p-edit package,
23 error not with npm itself.
23 error Tell the author that this fails on your system:
23 error     node ex/app.js
23 error You can get information on how to open an issue for this project with:
23 error     npm bugs p2p-edit
23 error Or if that isn't available, you can get their info via:
23 error     npm owner ls p2p-edit
23 error There is likely additional logging output above.
24 verbose exit [ 1, true ]
